Using pre-set license
Built from '2020.3/staging' branch; Version is '2020.3.6f1 (338bb68529b2) revision 3378102'; Using compiler version '192528614'; Build Type 'Release'
OS: 'Windows 10 Home; OS build 19041.928; Version 2004; 64bit' Language: 'en' Physical Memory: 65375 MB
BatchMode: 1, IsHumanControllingUs: 0, StartBugReporterOnCrash: 0, Is64bit: 1, IsPro: 0

 COMMAND LINE ARGUMENTS:
C:\Program Files\Unity\Hub\Editor\2020.3.6f1\Editor\Unity.exe
-adb2
-batchMode
-noUpm
-name
AssetImportWorker0
-projectPath
S:/Unity Games/Growth-Runner-2.0
-logFile
Logs/AssetImportWorker0.log
-srvPort
54993
Successfully changed project path to: S:/Unity Games/Growth-Runner-2.0
S:/Unity Games/Growth-Runner-2.0
Using Asset Import Pipeline V2.
Refreshing native plugins compatible for Editor in 36.14 ms, found 1 plugins.
Preloading 0 native plugins for Editor in 0.00 ms.
Initialize engine version: 2020.3.6f1 (338bb68529b2)
[Subsystems] Discovering subsystems at path C:/Program Files/Unity/Hub/Editor/2020.3.6f1/Editor/Data/Resources/UnitySubsystems
[Subsystems] Discovering subsystems at path S:/Unity Games/Growth-Runner-2.0/Assets
GfxDevice: creating device client; threaded=0
Direct3D:
    Version:  Direct3D 11.0 [level 11.1]
    Renderer: NVIDIA GeForce GTX 1660 Ti (ID=0x2191)
    Vendor:   
    VRAM:     5991 MB
    Driver:   27.21.14.6611
Initialize mono
Mono path[0] = 'C:/Program Files/Unity/Hub/Editor/2020.3.6f1/Editor/Data/Managed'
Mono path[1] = 'C:/Program Files/Unity/Hub/Editor/2020.3.6f1/Editor/Data/MonoBleedingEdge/lib/mono/unityjit'
Mono config path = 'C:/Program Files/Unity/Hub/Editor/2020.3.6f1/Editor/Data/MonoBleedingEdge/etc'
Using monoOptions --debugger-agent=transport=dt_socket,embedding=1,server=y,suspend=n,address=127.0.0.1:56308
Begin MonoManager ReloadAssembly
Registering precompiled unity dll's ...
Register platform support module: C:/Program Files/Unity/Hub/Editor/2020.3.6f1/Editor/Data/PlaybackEngines/WebGLSupport/UnityEditor.WebGL.Extensions.dll
Register platform support module: C:/Program Files/Unity/Hub/Editor/2020.3.6f1/Editor/Data/PlaybackEngines/WindowsStandaloneSupport/UnityEditor.WindowsStandalone.Extensions.dll
Registered in 0.002806 seconds.
Native extension for WindowsStandalone target not found
Native extension for WebGL target not found
Refreshing native plugins compatible for Editor in 34.29 ms, found 1 plugins.
Preloading 0 native plugins for Editor in 0.00 ms.
Mono: successfully reloaded assembly
- Completed reload, in  1.307 seconds
Platform modules already initialized, skipping
Registering precompiled user dll's ...
Registered in 0.000930 seconds.
Begin MonoManager ReloadAssembly
Native extension for WindowsStandalone target not found
Native extension for WebGL target not found
Refreshing native plugins compatible for Editor in 35.20 ms, found 1 plugins.
Preloading 0 native plugins for Editor in 0.00 ms.
Mono: successfully reloaded assembly
- Completed reload, in  0.879 seconds
Platform modules already initialized, skipping
========================================================================
Worker process is ready to serve import requests
Launched and connected shader compiler UnityShaderCompiler.exe after 0.06 seconds
Refreshing native plugins compatible for Editor in 0.44 ms, found 1 plugins.
Preloading 0 native plugins for Editor in 0.00 ms.
Unloading 1873 Unused Serialized files (Serialized files now loaded: 0)
System memory in use before: 88.7 MB.
System memory in use after: 88.8 MB.

Unloading 20 unused Assets to reduce memory usage. Loaded Objects now: 2324.
Total: 2.250700 ms (FindLiveObjects: 0.215000 ms CreateObjectMapping: 0.104300 ms MarkObjects: 1.847800 ms  DeleteObjects: 0.082600 ms)

========================================================================
Received Import Request.
  path: Assets/Scenes/Level 6.unity
  artifactKey: Guid(abd73a41e6a554f4a8ec8e093d0a2eb2) Importer(815301076,1909f56bfc062723c751e8b465ee728b)
Start importing Assets/Scenes/Level 6.unity using Guid(abd73a41e6a554f4a8ec8e093d0a2eb2) Importer(815301076,1909f56bfc062723c751e8b465ee728b)  -> (artifact id: '32ffb22da0040fe0526eef540e2df0bd') in 0.015427 seconds
  Import took 0.018221 seconds .

========================================================================
Received Import Request.
  Time since last request: 35.021055 seconds.
  path: Assets/Scenes/Level 4.unity
  artifactKey: Guid(4d5dfd65bf242d349a32384298ea332c) Importer(815301076,1909f56bfc062723c751e8b465ee728b)
Start importing Assets/Scenes/Level 4.unity using Guid(4d5dfd65bf242d349a32384298ea332c) Importer(815301076,1909f56bfc062723c751e8b465ee728b)  -> (artifact id: '0a6d62800246b928d84d2d7944456021') in 0.008246 seconds
  Import took 0.011121 seconds .

========================================================================
Received Prepare
Registering precompiled user dll's ...
Registered in 0.000985 seconds.
Begin MonoManager ReloadAssembly
Native extension for WindowsStandalone target not found
Native extension for WebGL target not found
Refreshing native plugins compatible for Editor in 0.41 ms, found 1 plugins.
Preloading 0 native plugins for Editor in 0.00 ms.
Mono: successfully reloaded assembly
- Completed reload, in  0.794 seconds
Platform modules already initialized, skipping
Refreshing native plugins compatible for Editor in 0.36 ms, found 1 plugins.
Preloading 0 native plugins for Editor in 0.00 ms.
Unloading 1851 Unused Serialized files (Serialized files now loaded: 0)
System memory in use before: 87.0 MB.
System memory in use after: 87.1 MB.

Unloading 8 unused Assets to reduce memory usage. Loaded Objects now: 2328.
Total: 2.223600 ms (FindLiveObjects: 0.192100 ms CreateObjectMapping: 0.067900 ms MarkObjects: 1.909000 ms  DeleteObjects: 0.053700 ms)

========================================================================
Received Import Request.
  Time since last request: 31.364850 seconds.
  path: Assets/Scenes/Level 7.unity
  artifactKey: Guid(8938cc3adeea06049907304d136873de) Importer(815301076,1909f56bfc062723c751e8b465ee728b)
Start importing Assets/Scenes/Level 7.unity using Guid(8938cc3adeea06049907304d136873de) Importer(815301076,1909f56bfc062723c751e8b465ee728b)  -> (artifact id: '3190932551e1431289fdc91be32bc92e') in 0.015656 seconds
  Import took 0.018370 seconds .

========================================================================
Received Import Request.
  Time since last request: 7.602967 seconds.
  path: Assets/Scenes/Level 8.unity
  artifactKey: Guid(79ebffe0ef69f424497de875d158d2e5) Importer(815301076,1909f56bfc062723c751e8b465ee728b)
Start importing Assets/Scenes/Level 8.unity using Guid(79ebffe0ef69f424497de875d158d2e5) Importer(815301076,1909f56bfc062723c751e8b465ee728b)  -> (artifact id: '6af98a636e74f649f0ad780b20180de4') in 0.008415 seconds
  Import took 0.011703 seconds .

========================================================================
Received Prepare
Registering precompiled user dll's ...
Registered in 0.000996 seconds.
Begin MonoManager ReloadAssembly
Native extension for WindowsStandalone target not found
Native extension for WebGL target not found
Refreshing native plugins compatible for Editor in 0.35 ms, found 1 plugins.
Preloading 0 native plugins for Editor in 0.00 ms.
Mono: successfully reloaded assembly
- Completed reload, in  0.816 seconds
Platform modules already initialized, skipping
Refreshing native plugins compatible for Editor in 0.34 ms, found 1 plugins.
Preloading 0 native plugins for Editor in 0.00 ms.
Unloading 1851 Unused Serialized files (Serialized files now loaded: 0)
System memory in use before: 87.1 MB.
System memory in use after: 87.2 MB.

Unloading 8 unused Assets to reduce memory usage. Loaded Objects now: 2332.
Total: 2.252300 ms (FindLiveObjects: 0.296300 ms CreateObjectMapping: 0.088400 ms MarkObjects: 1.812600 ms  DeleteObjects: 0.054000 ms)

========================================================================
Received Prepare
Registering precompiled user dll's ...
Registered in 0.000957 seconds.
Begin MonoManager ReloadAssembly
Native extension for WindowsStandalone target not found
Native extension for WebGL target not found
Refreshing native plugins compatible for Editor in 0.64 ms, found 1 plugins.
Preloading 0 native plugins for Editor in 0.00 ms.
Mono: successfully reloaded assembly
- Completed reload, in  0.827 seconds
Platform modules already initialized, skipping
Refreshing native plugins compatible for Editor in 0.38 ms, found 1 plugins.
Preloading 0 native plugins for Editor in 0.00 ms.
Unloading 1851 Unused Serialized files (Serialized files now loaded: 0)
System memory in use before: 87.1 MB.
System memory in use after: 87.2 MB.

Unloading 8 unused Assets to reduce memory usage. Loaded Objects now: 2336.
Total: 2.080300 ms (FindLiveObjects: 0.217600 ms CreateObjectMapping: 0.081900 ms MarkObjects: 1.724600 ms  DeleteObjects: 0.055200 ms)

========================================================================
Received Prepare
Registering precompiled user dll's ...
Registered in 0.001065 seconds.
Begin MonoManager ReloadAssembly
Native extension for WindowsStandalone target not found
Native extension for WebGL target not found
Refreshing native plugins compatible for Editor in 0.34 ms, found 1 plugins.
Preloading 0 native plugins for Editor in 0.00 ms.
Mono: successfully reloaded assembly
- Completed reload, in  0.805 seconds
Platform modules already initialized, skipping
Refreshing native plugins compatible for Editor in 0.36 ms, found 1 plugins.
Preloading 0 native plugins for Editor in 0.00 ms.
Unloading 1851 Unused Serialized files (Serialized files now loaded: 0)
System memory in use before: 87.1 MB.
System memory in use after: 87.2 MB.

Unloading 8 unused Assets to reduce memory usage. Loaded Objects now: 2340.
Total: 2.003200 ms (FindLiveObjects: 0.228200 ms CreateObjectMapping: 0.089000 ms MarkObjects: 1.623900 ms  DeleteObjects: 0.060500 ms)

========================================================================
Received Import Request.
  Time since last request: 11448.747060 seconds.
  path: Assets/Scenes/Level 7.unity
  artifactKey: Guid(8938cc3adeea06049907304d136873de) Importer(815301076,1909f56bfc062723c751e8b465ee728b)
Start importing Assets/Scenes/Level 7.unity using Guid(8938cc3adeea06049907304d136873de) Importer(815301076,1909f56bfc062723c751e8b465ee728b)  -> (artifact id: '966c9b23b37860bb3afa8c3ee4332913') in 0.019538 seconds
  Import took 0.023179 seconds .

========================================================================
Received Import Request.
  Time since last request: 706.379020 seconds.
  path: Assets/Scenes/Level 7.unity
  artifactKey: Guid(8938cc3adeea06049907304d136873de) Importer(815301076,1909f56bfc062723c751e8b465ee728b)
Start importing Assets/Scenes/Level 7.unity using Guid(8938cc3adeea06049907304d136873de) Importer(815301076,1909f56bfc062723c751e8b465ee728b)  -> (artifact id: '11accc094b3f2a00e2b93efd8da77c8a') in 0.003995 seconds
  Import took 0.008139 seconds .

========================================================================
Received Import Request.
  Time since last request: 47.400114 seconds.
  path: Assets/Scenes/Level 9.unity
  artifactKey: Guid(83f0833d5e7dd2844aa5fabd95745ab6) Importer(815301076,1909f56bfc062723c751e8b465ee728b)
Start importing Assets/Scenes/Level 9.unity using Guid(83f0833d5e7dd2844aa5fabd95745ab6) Importer(815301076,1909f56bfc062723c751e8b465ee728b)  -> (artifact id: 'd5d5a057aeae23737e341d96f468c198') in 0.008154 seconds
  Import took 0.011045 seconds .

========================================================================
Received Import Request.
  Time since last request: 32.473509 seconds.
  path: Assets/Scenes/Level 6.unity
  artifactKey: Guid(abd73a41e6a554f4a8ec8e093d0a2eb2) Importer(815301076,1909f56bfc062723c751e8b465ee728b)
Start importing Assets/Scenes/Level 6.unity using Guid(abd73a41e6a554f4a8ec8e093d0a2eb2) Importer(815301076,1909f56bfc062723c751e8b465ee728b)  -> (artifact id: '2d0eb3c27bf053c564f00ff8a9c9a90f') in 0.007025 seconds
  Import took 0.011860 seconds .

========================================================================
Received Import Request.
  Time since last request: 159.075785 seconds.
  path: Assets/Scenes/Level 8.unity
  artifactKey: Guid(79ebffe0ef69f424497de875d158d2e5) Importer(815301076,1909f56bfc062723c751e8b465ee728b)
Start importing Assets/Scenes/Level 8.unity using Guid(79ebffe0ef69f424497de875d158d2e5) Importer(815301076,1909f56bfc062723c751e8b465ee728b)  -> (artifact id: '99a136e22aba0afaf839e418c65b88db') in 0.009448 seconds
  Import took 0.013729 seconds .

========================================================================
Received Import Request.
  Time since last request: 1447.487434 seconds.
  path: Assets/Scenes/Level 4.unity
  artifactKey: Guid(4d5dfd65bf242d349a32384298ea332c) Importer(815301076,1909f56bfc062723c751e8b465ee728b)
Start importing Assets/Scenes/Level 4.unity using Guid(4d5dfd65bf242d349a32384298ea332c) Importer(815301076,1909f56bfc062723c751e8b465ee728b)  -> (artifact id: '2c16b38c7ea91c676fdb1480abca7b16') in 0.003647 seconds
  Import took 0.006936 seconds .

========================================================================
Received Import Request.
  Time since last request: 5.363380 seconds.
  path: Assets/Scenes/Level 5.unity
  artifactKey: Guid(e8e70fc8bb140344ca2507e45a07f6cd) Importer(815301076,1909f56bfc062723c751e8b465ee728b)
Start importing Assets/Scenes/Level 5.unity using Guid(e8e70fc8bb140344ca2507e45a07f6cd) Importer(815301076,1909f56bfc062723c751e8b465ee728b)  -> (artifact id: 'b812fa1176a77a3efe7c08014527bad7') in 0.007877 seconds
  Import took 0.010918 seconds .

========================================================================
Received Prepare
Registering precompiled user dll's ...
Registered in 0.001051 seconds.
Begin MonoManager ReloadAssembly
Native extension for WindowsStandalone target not found
Native extension for WebGL target not found
Refreshing native plugins compatible for Editor in 0.36 ms, found 1 plugins.
Preloading 0 native plugins for Editor in 0.00 ms.
Mono: successfully reloaded assembly
- Completed reload, in  0.941 seconds
Platform modules already initialized, skipping
Refreshing native plugins compatible for Editor in 0.36 ms, found 1 plugins.
Preloading 0 native plugins for Editor in 0.00 ms.
Unloading 1851 Unused Serialized files (Serialized files now loaded: 0)
System memory in use before: 87.2 MB.
System memory in use after: 87.3 MB.

Unloading 8 unused Assets to reduce memory usage. Loaded Objects now: 2344.
Total: 3.704300 ms (FindLiveObjects: 0.235200 ms CreateObjectMapping: 0.077600 ms MarkObjects: 3.295500 ms  DeleteObjects: 0.094300 ms)

========================================================================
Received Import Request.
  Time since last request: 55.160019 seconds.
  path: Assets/Scenes/Level 8.unity
  artifactKey: Guid(79ebffe0ef69f424497de875d158d2e5) Importer(815301076,1909f56bfc062723c751e8b465ee728b)
Start importing Assets/Scenes/Level 8.unity using Guid(79ebffe0ef69f424497de875d158d2e5) Importer(815301076,1909f56bfc062723c751e8b465ee728b)  -> (artifact id: '1d5bc541c0688f828c63735f1af86d22') in 0.011862 seconds
  Import took 0.014964 seconds .

========================================================================
Received Import Request.
  Time since last request: 4.723443 seconds.
  path: Assets/Scenes/Level 9.unity
  artifactKey: Guid(83f0833d5e7dd2844aa5fabd95745ab6) Importer(815301076,1909f56bfc062723c751e8b465ee728b)
Start importing Assets/Scenes/Level 9.unity using Guid(83f0833d5e7dd2844aa5fabd95745ab6) Importer(815301076,1909f56bfc062723c751e8b465ee728b)  -> (artifact id: '0d2f61dee8f046f0974d3831fa8baba3') in 0.003300 seconds
  Import took 0.006883 seconds .

========================================================================
Received Import Request.
  Time since last request: 13.099599 seconds.
  path: Assets/Scenes/SelectionScreen.unity
  artifactKey: Guid(a7190022583760d41aeca1d9772c49c5) Importer(815301076,1909f56bfc062723c751e8b465ee728b)
Start importing Assets/Scenes/SelectionScreen.unity using Guid(a7190022583760d41aeca1d9772c49c5) Importer(815301076,1909f56bfc062723c751e8b465ee728b)  -> (artifact id: '694f46fdc622af41e2142d91628a6596') in 0.007757 seconds
  Import took 0.010694 seconds .

========================================================================
Received Prepare
Registering precompiled user dll's ...
Registered in 0.000959 seconds.
Begin MonoManager ReloadAssembly
Native extension for WindowsStandalone target not found
Native extension for WebGL target not found
Refreshing native plugins compatible for Editor in 0.36 ms, found 1 plugins.
Preloading 0 native plugins for Editor in 0.00 ms.
Mono: successfully reloaded assembly
- Completed reload, in  0.804 seconds
Platform modules already initialized, skipping
Refreshing native plugins compatible for Editor in 0.38 ms, found 1 plugins.
Preloading 0 native plugins for Editor in 0.00 ms.
Unloading 1851 Unused Serialized files (Serialized files now loaded: 0)
System memory in use before: 87.2 MB.
System memory in use after: 87.3 MB.

Unloading 8 unused Assets to reduce memory usage. Loaded Objects now: 2348.
Total: 2.579400 ms (FindLiveObjects: 0.204000 ms CreateObjectMapping: 0.075000 ms MarkObjects: 2.229600 ms  DeleteObjects: 0.069700 ms)

========================================================================
Received Prepare
Registering precompiled user dll's ...
Registered in 0.001382 seconds.
Begin MonoManager ReloadAssembly
Native extension for WindowsStandalone target not found
Native extension for WebGL target not found
Refreshing native plugins compatible for Editor in 0.39 ms, found 1 plugins.
Preloading 0 native plugins for Editor in 0.00 ms.
Mono: successfully reloaded assembly
- Completed reload, in  0.867 seconds
Platform modules already initialized, skipping
Refreshing native plugins compatible for Editor in 0.43 ms, found 1 plugins.
Preloading 0 native plugins for Editor in 0.00 ms.
Unloading 1851 Unused Serialized files (Serialized files now loaded: 0)
System memory in use before: 87.2 MB.
System memory in use after: 87.3 MB.

Unloading 8 unused Assets to reduce memory usage. Loaded Objects now: 2352.
Total: 2.510500 ms (FindLiveObjects: 0.415500 ms CreateObjectMapping: 0.169800 ms MarkObjects: 1.868900 ms  DeleteObjects: 0.055000 ms)

========================================================================
Received Prepare
Registering precompiled user dll's ...
Registered in 0.001596 seconds.
Begin MonoManager ReloadAssembly
Native extension for WindowsStandalone target not found
Native extension for WebGL target not found
Refreshing native plugins compatible for Editor in 0.39 ms, found 1 plugins.
Preloading 0 native plugins for Editor in 0.00 ms.
Mono: successfully reloaded assembly
- Completed reload, in  1.094 seconds
Platform modules already initialized, skipping
Refreshing native plugins compatible for Editor in 0.50 ms, found 1 plugins.
Preloading 0 native plugins for Editor in 0.00 ms.
Unloading 1851 Unused Serialized files (Serialized files now loaded: 0)
System memory in use before: 87.2 MB.
System memory in use after: 87.3 MB.

Unloading 8 unused Assets to reduce memory usage. Loaded Objects now: 2356.
Total: 2.986600 ms (FindLiveObjects: 0.250800 ms CreateObjectMapping: 0.080600 ms MarkObjects: 2.588900 ms  DeleteObjects: 0.064600 ms)

========================================================================
Received Import Request.
  Time since last request: 294.803841 seconds.
  path: Assets/Scenes/Level 4.unity
  artifactKey: Guid(4d5dfd65bf242d349a32384298ea332c) Importer(815301076,1909f56bfc062723c751e8b465ee728b)
Start importing Assets/Scenes/Level 4.unity using Guid(4d5dfd65bf242d349a32384298ea332c) Importer(815301076,1909f56bfc062723c751e8b465ee728b)  -> (artifact id: '44f3f6c952972c601a5d0c56a755b0aa') in 0.011748 seconds
  Import took 0.014689 seconds .

========================================================================
Received Prepare
Registering precompiled user dll's ...
Registered in 0.001009 seconds.
Begin MonoManager ReloadAssembly
Native extension for WindowsStandalone target not found
Native extension for WebGL target not found
Refreshing native plugins compatible for Editor in 0.35 ms, found 1 plugins.
Preloading 0 native plugins for Editor in 0.00 ms.
Mono: successfully reloaded assembly
- Completed reload, in  0.843 seconds
Platform modules already initialized, skipping
Refreshing native plugins compatible for Editor in 0.39 ms, found 1 plugins.
Preloading 0 native plugins for Editor in 0.00 ms.
Unloading 1851 Unused Serialized files (Serialized files now loaded: 0)
System memory in use before: 87.2 MB.
System memory in use after: 87.3 MB.

Unloading 8 unused Assets to reduce memory usage. Loaded Objects now: 2360.
Total: 2.159500 ms (FindLiveObjects: 0.394900 ms CreateObjectMapping: 0.158500 ms MarkObjects: 1.549100 ms  DeleteObjects: 0.056300 ms)

========================================================================
Received Prepare
Registering precompiled user dll's ...
Registered in 0.001903 seconds.
Begin MonoManager ReloadAssembly
Native extension for WindowsStandalone target not found
Native extension for WebGL target not found
Refreshing native plugins compatible for Editor in 0.49 ms, found 1 plugins.
Preloading 0 native plugins for Editor in 0.00 ms.
Mono: successfully reloaded assembly
- Completed reload, in  1.138 seconds
Platform modules already initialized, skipping
Refreshing native plugins compatible for Editor in 0.56 ms, found 1 plugins.
Preloading 0 native plugins for Editor in 0.00 ms.
Unloading 1851 Unused Serialized files (Serialized files now loaded: 0)
System memory in use before: 87.2 MB.
System memory in use after: 87.3 MB.

Unloading 8 unused Assets to reduce memory usage. Loaded Objects now: 2364.
Total: 2.242800 ms (FindLiveObjects: 0.325100 ms CreateObjectMapping: 0.110000 ms MarkObjects: 1.752800 ms  DeleteObjects: 0.053800 ms)

========================================================================
Received Prepare
Registering precompiled user dll's ...
Registered in 0.001452 seconds.
Begin MonoManager ReloadAssembly
Native extension for WindowsStandalone target not found
Native extension for WebGL target not found
Refreshing native plugins compatible for Editor in 0.48 ms, found 1 plugins.
Preloading 0 native plugins for Editor in 0.00 ms.
Mono: successfully reloaded assembly
- Completed reload, in  1.105 seconds
Platform modules already initialized, skipping
Refreshing native plugins compatible for Editor in 0.57 ms, found 1 plugins.
Preloading 0 native plugins for Editor in 0.00 ms.
Unloading 1851 Unused Serialized files (Serialized files now loaded: 0)
System memory in use before: 87.2 MB.
System memory in use after: 87.3 MB.

Unloading 8 unused Assets to reduce memory usage. Loaded Objects now: 2368.
Total: 2.880700 ms (FindLiveObjects: 0.711600 ms CreateObjectMapping: 0.173900 ms MarkObjects: 1.942500 ms  DeleteObjects: 0.050200 ms)

========================================================================
Received Prepare
Registering precompiled user dll's ...
Registered in 0.001027 seconds.
Begin MonoManager ReloadAssembly
Native extension for WindowsStandalone target not found
Native extension for WebGL target not found
Refreshing native plugins compatible for Editor in 0.36 ms, found 1 plugins.
Preloading 0 native plugins for Editor in 0.00 ms.
Mono: successfully reloaded assembly
- Completed reload, in  0.854 seconds
Platform modules already initialized, skipping
Refreshing native plugins compatible for Editor in 0.39 ms, found 1 plugins.
Preloading 0 native plugins for Editor in 0.00 ms.
Unloading 1851 Unused Serialized files (Serialized files now loaded: 0)
System memory in use before: 87.2 MB.
System memory in use after: 87.3 MB.

Unloading 8 unused Assets to reduce memory usage. Loaded Objects now: 2372.
Total: 2.395000 ms (FindLiveObjects: 0.335700 ms CreateObjectMapping: 0.111300 ms MarkObjects: 1.890000 ms  DeleteObjects: 0.056900 ms)

========================================================================
Received Prepare
Registering precompiled user dll's ...
Registered in 0.001002 seconds.
Begin MonoManager ReloadAssembly
Native extension for WindowsStandalone target not found
Native extension for WebGL target not found
Refreshing native plugins compatible for Editor in 0.60 ms, found 1 plugins.
Preloading 0 native plugins for Editor in 0.00 ms.
Mono: successfully reloaded assembly
- Completed reload, in  0.871 seconds
Platform modules already initialized, skipping
Refreshing native plugins compatible for Editor in 0.37 ms, found 1 plugins.
Preloading 0 native plugins for Editor in 0.00 ms.
Unloading 1851 Unused Serialized files (Serialized files now loaded: 0)
System memory in use before: 87.3 MB.
System memory in use after: 87.3 MB.

Unloading 8 unused Assets to reduce memory usage. Loaded Objects now: 2376.
Total: 2.451100 ms (FindLiveObjects: 0.410300 ms CreateObjectMapping: 0.253900 ms MarkObjects: 1.728400 ms  DeleteObjects: 0.056800 ms)

========================================================================
Received Prepare
Registering precompiled user dll's ...
Registered in 0.001222 seconds.
Begin MonoManager ReloadAssembly
Native extension for WindowsStandalone target not found
Native extension for WebGL target not found
Refreshing native plugins compatible for Editor in 0.58 ms, found 1 plugins.
Preloading 0 native plugins for Editor in 0.00 ms.
Mono: successfully reloaded assembly
- Completed reload, in  1.028 seconds
Platform modules already initialized, skipping
Refreshing native plugins compatible for Editor in 0.45 ms, found 1 plugins.
Preloading 0 native plugins for Editor in 0.00 ms.
Unloading 1851 Unused Serialized files (Serialized files now loaded: 0)
System memory in use before: 87.3 MB.
System memory in use after: 87.3 MB.

Unloading 8 unused Assets to reduce memory usage. Loaded Objects now: 2380.
Total: 3.070600 ms (FindLiveObjects: 0.660300 ms CreateObjectMapping: 0.132900 ms MarkObjects: 2.180800 ms  DeleteObjects: 0.095000 ms)

========================================================================
Received Prepare
Registering precompiled user dll's ...
Registered in 0.001032 seconds.
Begin MonoManager ReloadAssembly
Native extension for WindowsStandalone target not found
Native extension for WebGL target not found
Refreshing native plugins compatible for Editor in 0.35 ms, found 1 plugins.
Preloading 0 native plugins for Editor in 0.00 ms.
Mono: successfully reloaded assembly
- Completed reload, in  0.791 seconds
Platform modules already initialized, skipping
Refreshing native plugins compatible for Editor in 0.36 ms, found 1 plugins.
Preloading 0 native plugins for Editor in 0.00 ms.
Unloading 1851 Unused Serialized files (Serialized files now loaded: 0)
System memory in use before: 87.3 MB.
System memory in use after: 87.4 MB.

Unloading 8 unused Assets to reduce memory usage. Loaded Objects now: 2384.
Total: 2.121900 ms (FindLiveObjects: 0.326900 ms CreateObjectMapping: 0.112500 ms MarkObjects: 1.622300 ms  DeleteObjects: 0.058600 ms)

========================================================================
Received Prepare
Registering precompiled user dll's ...
Registered in 0.001139 seconds.
Begin MonoManager ReloadAssembly
Native extension for WindowsStandalone target not found
Native extension for WebGL target not found
Refreshing native plugins compatible for Editor in 0.70 ms, found 1 plugins.
Preloading 0 native plugins for Editor in 0.00 ms.
Mono: successfully reloaded assembly
- Completed reload, in  1.037 seconds
Platform modules already initialized, skipping
Refreshing native plugins compatible for Editor in 0.44 ms, found 1 plugins.
Preloading 0 native plugins for Editor in 0.00 ms.
Unloading 1851 Unused Serialized files (Serialized files now loaded: 0)
System memory in use before: 87.3 MB.
System memory in use after: 87.4 MB.

Unloading 8 unused Assets to reduce memory usage. Loaded Objects now: 2388.
Total: 2.680700 ms (FindLiveObjects: 0.296700 ms CreateObjectMapping: 0.093000 ms MarkObjects: 2.132900 ms  DeleteObjects: 0.156400 ms)

========================================================================
Received Prepare
Registering precompiled user dll's ...
Registered in 0.001110 seconds.
Begin MonoManager ReloadAssembly
Native extension for WindowsStandalone target not found
Native extension for WebGL target not found
Refreshing native plugins compatible for Editor in 0.36 ms, found 1 plugins.
Preloading 0 native plugins for Editor in 0.00 ms.
Mono: successfully reloaded assembly
- Completed reload, in  0.828 seconds
Platform modules already initialized, skipping
Refreshing native plugins compatible for Editor in 0.41 ms, found 1 plugins.
Preloading 0 native plugins for Editor in 0.00 ms.
Unloading 1851 Unused Serialized files (Serialized files now loaded: 0)
System memory in use before: 87.3 MB.
System memory in use after: 87.4 MB.

Unloading 8 unused Assets to reduce memory usage. Loaded Objects now: 2392.
Total: 2.149700 ms (FindLiveObjects: 0.273800 ms CreateObjectMapping: 0.097200 ms MarkObjects: 1.724100 ms  DeleteObjects: 0.053800 ms)

========================================================================
Received Prepare
Registering precompiled user dll's ...
Registered in 0.001183 seconds.
Begin MonoManager ReloadAssembly
Native extension for WindowsStandalone target not found
Native extension for WebGL target not found
Refreshing native plugins compatible for Editor in 0.36 ms, found 1 plugins.
Preloading 0 native plugins for Editor in 0.00 ms.
Mono: successfully reloaded assembly
- Completed reload, in  0.895 seconds
Platform modules already initialized, skipping
Refreshing native plugins compatible for Editor in 1.68 ms, found 1 plugins.
Preloading 0 native plugins for Editor in 0.00 ms.
Unloading 1851 Unused Serialized files (Serialized files now loaded: 0)
System memory in use before: 87.3 MB.
System memory in use after: 87.4 MB.

Unloading 8 unused Assets to reduce memory usage. Loaded Objects now: 2396.
Total: 2.203300 ms (FindLiveObjects: 0.233100 ms CreateObjectMapping: 0.069500 ms MarkObjects: 1.757300 ms  DeleteObjects: 0.142400 ms)

========================================================================
Received Prepare
Registering precompiled user dll's ...
Registered in 0.001041 seconds.
Begin MonoManager ReloadAssembly
Native extension for WindowsStandalone target not found
Native extension for WebGL target not found
Refreshing native plugins compatible for Editor in 0.36 ms, found 1 plugins.
Preloading 0 native plugins for Editor in 0.00 ms.
Mono: successfully reloaded assembly
- Completed reload, in  0.930 seconds
Platform modules already initialized, skipping
Refreshing native plugins compatible for Editor in 0.38 ms, found 1 plugins.
Preloading 0 native plugins for Editor in 0.00 ms.
Unloading 1851 Unused Serialized files (Serialized files now loaded: 0)
System memory in use before: 87.3 MB.
System memory in use after: 87.4 MB.

Unloading 8 unused Assets to reduce memory usage. Loaded Objects now: 2400.
Total: 3.533600 ms (FindLiveObjects: 0.480400 ms CreateObjectMapping: 0.223400 ms MarkObjects: 2.752300 ms  DeleteObjects: 0.075600 ms)

========================================================================
Received Prepare
Registering precompiled user dll's ...
Registered in 0.000967 seconds.
Begin MonoManager ReloadAssembly
Native extension for WindowsStandalone target not found
Native extension for WebGL target not found
Refreshing native plugins compatible for Editor in 0.49 ms, found 1 plugins.
Preloading 0 native plugins for Editor in 0.00 ms.
Mono: successfully reloaded assembly
- Completed reload, in  0.788 seconds
Platform modules already initialized, skipping
Refreshing native plugins compatible for Editor in 0.36 ms, found 1 plugins.
Preloading 0 native plugins for Editor in 0.00 ms.
Unloading 1851 Unused Serialized files (Serialized files now loaded: 0)
System memory in use before: 87.3 MB.
System memory in use after: 87.4 MB.

Unloading 8 unused Assets to reduce memory usage. Loaded Objects now: 2404.
Total: 2.052600 ms (FindLiveObjects: 0.216600 ms CreateObjectMapping: 0.085500 ms MarkObjects: 1.697400 ms  DeleteObjects: 0.051700 ms)

AssetImportWorkerClient::OnTransportError - code=2 error=End of file
