Using pre-set license
Built from '2020.3/staging' branch; Version is '2020.3.4f1 (0abb6314276a) revision 703331'; Using compiler version '192528614'; Build Type 'Release'
OS: 'Windows 10 Home; OS build 19041.867; Version 2004; 64bit' Language: 'en' Physical Memory: 65375 MB
BatchMode: 1, IsHumanControllingUs: 0, StartBugReporterOnCrash: 0, Is64bit: 1, IsPro: 0

 COMMAND LINE ARGUMENTS:
C:\Program Files\Unity\Hub\Editor\2020.3.4f1\Editor\Unity.exe
-adb2
-batchMode
-noUpm
-name
AssetImportWorker0
-projectPath
S:/Unity/GrowthRunner
-logFile
Logs/AssetImportWorker0.log
-srvPort
54817
Successfully changed project path to: S:/Unity/GrowthRunner
S:/Unity/GrowthRunner
Using Asset Import Pipeline V2.
Refreshing native plugins compatible for Editor in 35.78 ms, found 1 plugins.
Preloading 0 native plugins for Editor in 0.00 ms.
Initialize engine version: 2020.3.4f1 (0abb6314276a)
[Subsystems] Discovering subsystems at path C:/Program Files/Unity/Hub/Editor/2020.3.4f1/Editor/Data/Resources/UnitySubsystems
[Subsystems] Discovering subsystems at path S:/Unity/GrowthRunner/Assets
GfxDevice: creating device client; threaded=0
Direct3D:
    Version:  Direct3D 11.0 [level 11.1]
    Renderer: NVIDIA GeForce GTX 1660 Ti (ID=0x2191)
    Vendor:   
    VRAM:     5991 MB
    Driver:   27.21.14.6589
Initialize mono
Mono path[0] = 'C:/Program Files/Unity/Hub/Editor/2020.3.4f1/Editor/Data/Managed'
Mono path[1] = 'C:/Program Files/Unity/Hub/Editor/2020.3.4f1/Editor/Data/MonoBleedingEdge/lib/mono/unityjit'
Mono config path = 'C:/Program Files/Unity/Hub/Editor/2020.3.4f1/Editor/Data/MonoBleedingEdge/etc'
Using monoOptions --debugger-agent=transport=dt_socket,embedding=1,server=y,suspend=n,address=127.0.0.1:56240
Begin MonoManager ReloadAssembly
Registering precompiled unity dll's ...
Register platform support module: C:/Program Files/Unity/Hub/Editor/2020.3.4f1/Editor/Data/PlaybackEngines/WebGLSupport/UnityEditor.WebGL.Extensions.dll
Register platform support module: C:/Program Files/Unity/Hub/Editor/2020.3.4f1/Editor/Data/PlaybackEngines/WindowsStandaloneSupport/UnityEditor.WindowsStandalone.Extensions.dll
Registered in 0.002851 seconds.
Native extension for WindowsStandalone target not found
Native extension for WebGL target not found
Refreshing native plugins compatible for Editor in 39.72 ms, found 1 plugins.
Preloading 0 native plugins for Editor in 0.00 ms.
Mono: successfully reloaded assembly
- Completed reload, in  1.344 seconds
Platform modules already initialized, skipping
Registering precompiled user dll's ...
Registered in 0.001012 seconds.
Begin MonoManager ReloadAssembly
Native extension for WindowsStandalone target not found
Native extension for WebGL target not found
Refreshing native plugins compatible for Editor in 37.56 ms, found 1 plugins.
Preloading 0 native plugins for Editor in 0.00 ms.
Mono: successfully reloaded assembly
- Completed reload, in  0.929 seconds
Platform modules already initialized, skipping
========================================================================
Worker process is ready to serve import requests
Launched and connected shader compiler UnityShaderCompiler.exe after 0.06 seconds
Refreshing native plugins compatible for Editor in 0.34 ms, found 1 plugins.
Preloading 0 native plugins for Editor in 0.00 ms.
Unloading 1871 Unused Serialized files (Serialized files now loaded: 0)
System memory in use before: 88.6 MB.
System memory in use after: 88.5 MB.

Unloading 24 unused Assets to reduce memory usage. Loaded Objects now: 2318.
Total: 3.123000 ms (FindLiveObjects: 0.265900 ms CreateObjectMapping: 0.181700 ms MarkObjects: 2.544500 ms  DeleteObjects: 0.129400 ms)

========================================================================
Received Import Request.
  path: Assets/Scenes/Level 1.unity
  artifactKey: Guid(556599db5821b53478dfdfb07b86e57f) Importer(815301076,1909f56bfc062723c751e8b465ee728b)
Start importing Assets/Scenes/Level 1.unity using Guid(556599db5821b53478dfdfb07b86e57f) Importer(815301076,1909f56bfc062723c751e8b465ee728b)  -> (artifact id: 'c1ab047caa25c27ecd850b5762370939') in 0.017634 seconds
  Import took 0.020818 seconds .

========================================================================
Received Import Request.
  Time since last request: 592.694113 seconds.
  path: Assets/Scenes/Level 1.unity
  artifactKey: Guid(556599db5821b53478dfdfb07b86e57f) Importer(815301076,1909f56bfc062723c751e8b465ee728b)
Start importing Assets/Scenes/Level 1.unity using Guid(556599db5821b53478dfdfb07b86e57f) Importer(815301076,1909f56bfc062723c751e8b465ee728b)  -> (artifact id: '352474e75cc012de7a92289956b6bb32') in 0.003472 seconds
  Import took 0.011621 seconds .

========================================================================
Received Import Request.
  Time since last request: 1.954629 seconds.
  path: Assets/Scenes/SampleScene.unity
  artifactKey: Guid(2cda990e2423bbf4892e6590ba056729) Importer(815301076,1909f56bfc062723c751e8b465ee728b)
Start importing Assets/Scenes/SampleScene.unity using Guid(2cda990e2423bbf4892e6590ba056729) Importer(815301076,1909f56bfc062723c751e8b465ee728b)  -> (artifact id: '1ba11d8d8892d5c0801c1cb0a4fadc3a') in 0.010244 seconds
  Import took 0.013942 seconds .

========================================================================
Received Prepare
Refreshing native plugins compatible for Editor in 1.70 ms, found 1 plugins.
Preloading 0 native plugins for Editor in 0.00 ms.
Unloading 10 Unused Serialized files (Serialized files now loaded: 0)
System memory in use before: 50.6 MB.
System memory in use after: 50.6 MB.

Unloading 10 unused Assets to reduce memory usage. Loaded Objects now: 2318.
Total: 4.191100 ms (FindLiveObjects: 0.229300 ms CreateObjectMapping: 0.084500 ms MarkObjects: 3.692800 ms  DeleteObjects: 0.182200 ms)

========================================================================
Received Prepare
Refreshing native plugins compatible for Editor in 1.94 ms, found 1 plugins.
Preloading 0 native plugins for Editor in 0.00 ms.
Unloading 10 Unused Serialized files (Serialized files now loaded: 0)
System memory in use before: 50.6 MB.
System memory in use after: 50.6 MB.

Unloading 10 unused Assets to reduce memory usage. Loaded Objects now: 2318.
Total: 4.470700 ms (FindLiveObjects: 0.691600 ms CreateObjectMapping: 0.253200 ms MarkObjects: 3.217200 ms  DeleteObjects: 0.306100 ms)

========================================================================
Received Import Request.
  Time since last request: 806.043605 seconds.
  path: Assets/Scenes/SampleScene.unity
  artifactKey: Guid(2cda990e2423bbf4892e6590ba056729) Importer(815301076,1909f56bfc062723c751e8b465ee728b)
Start importing Assets/Scenes/SampleScene.unity using Guid(2cda990e2423bbf4892e6590ba056729) Importer(815301076,1909f56bfc062723c751e8b465ee728b)  -> (artifact id: '729e3885ec8c44271105627a6bffcee8') in 0.003527 seconds
  Import took 0.009721 seconds .

========================================================================
Received Prepare
Registering precompiled user dll's ...
Registered in 0.002837 seconds.
Begin MonoManager ReloadAssembly
Native extension for WindowsStandalone target not found
Native extension for WebGL target not found
Refreshing native plugins compatible for Editor in 0.37 ms, found 1 plugins.
Preloading 0 native plugins for Editor in 0.00 ms.
Mono: successfully reloaded assembly
- Completed reload, in  0.844 seconds
Platform modules already initialized, skipping
Refreshing native plugins compatible for Editor in 0.37 ms, found 1 plugins.
Preloading 0 native plugins for Editor in 0.00 ms.
Unloading 1853 Unused Serialized files (Serialized files now loaded: 0)
System memory in use before: 87.3 MB.
System memory in use after: 87.3 MB.

Unloading 12 unused Assets to reduce memory usage. Loaded Objects now: 2322.
Total: 1.991000 ms (FindLiveObjects: 0.187200 ms CreateObjectMapping: 0.063100 ms MarkObjects: 1.600500 ms  DeleteObjects: 0.139300 ms)

========================================================================
Received Prepare
Trying to reload asset but can't find object on disk

Trying to reload asset but can't find object on disk

Trying to reload asset but can't find object on disk

Trying to reload asset but can't find object on disk

Trying to reload asset but can't find object on disk

Trying to reload asset but can't find object on disk

Trying to reload asset but can't find object on disk

Trying to reload asset but can't find object on disk

Trying to reload asset but can't find object on disk

Trying to reload asset but can't find object on disk

Trying to reload asset but can't find object on disk

Trying to reload asset but can't find object on disk

Trying to reload asset but can't find object on disk

Trying to reload asset but can't find object on disk

Trying to reload asset but can't find object on disk

Trying to reload asset but can't find object on disk

Trying to reload asset but can't find object on disk

Trying to reload asset but can't find object on disk

Registering precompiled user dll's ...
Registered in 0.000772 seconds.
Begin MonoManager ReloadAssembly
Native extension for WindowsStandalone target not found
Native extension for WebGL target not found
Refreshing native plugins compatible for Editor in 23.29 ms, found 0 plugins.
Preloading 0 native plugins for Editor in 0.00 ms.
Mono: successfully reloaded assembly
- Completed reload, in  0.863 seconds
Platform modules already initialized, skipping
Refreshing native plugins compatible for Editor in 0.27 ms, found 0 plugins.
Preloading 0 native plugins for Editor in 0.00 ms.
Unloading 1110 Unused Serialized files (Serialized files now loaded: 0)
System memory in use before: 71.8 MB.
System memory in use after: 71.9 MB.

Unloading 283 unused Assets to reduce memory usage. Loaded Objects now: 2045.
Total: 2.294100 ms (FindLiveObjects: 0.163000 ms CreateObjectMapping: 0.052000 ms MarkObjects: 1.951900 ms  DeleteObjects: 0.126200 ms)

========================================================================
Received Prepare
Registering precompiled user dll's ...
Registered in 0.000807 seconds.
Begin MonoManager ReloadAssembly
Native extension for WindowsStandalone target not found
Native extension for WebGL target not found
Refreshing native plugins compatible for Editor in 0.33 ms, found 0 plugins.
Preloading 0 native plugins for Editor in 0.00 ms.
Mono: successfully reloaded assembly
- Completed reload, in  0.766 seconds
Platform modules already initialized, skipping
Refreshing native plugins compatible for Editor in 0.61 ms, found 0 plugins.
Preloading 0 native plugins for Editor in 0.00 ms.
Unloading 1161 Unused Serialized files (Serialized files now loaded: 0)
System memory in use before: 68.4 MB.
System memory in use after: 68.5 MB.

Unloading 5 unused Assets to reduce memory usage. Loaded Objects now: 2098.
Total: 3.126500 ms (FindLiveObjects: 0.218900 ms CreateObjectMapping: 0.061700 ms MarkObjects: 2.769600 ms  DeleteObjects: 0.075000 ms)

========================================================================
Received Import Request.
  Time since last request: 4222.619054 seconds.
  path: Assets/4137529.jpg
  artifactKey: Guid(bd5a66a1733671b4e8e6123ca6a2424e) Importer(815301076,1909f56bfc062723c751e8b465ee728b)
Start importing Assets/4137529.jpg using Guid(bd5a66a1733671b4e8e6123ca6a2424e) Importer(815301076,1909f56bfc062723c751e8b465ee728b)  -> (artifact id: '0d55b67e954ef9541a8918df979f5198') in 0.147558 seconds
  Import took 0.151988 seconds .

========================================================================
Received Import Request.
  Time since last request: 0.000847 seconds.
  path: Assets/bluebgmini.jpg
  artifactKey: Guid(d177c3332dda2d9409a158b4674b5f4c) Importer(815301076,1909f56bfc062723c751e8b465ee728b)
Start importing Assets/bluebgmini.jpg using Guid(d177c3332dda2d9409a158b4674b5f4c) Importer(815301076,1909f56bfc062723c751e8b465ee728b)  -> (artifact id: '0aadf85edc1200b379a9a200249b205c') in 0.024632 seconds
  Import took 0.030569 seconds .

========================================================================
Received Import Request.
  Time since last request: 0.000539 seconds.
  path: Assets/minimalist saharah.png
  artifactKey: Guid(07885dab55d8dc74887b95ca821ee759) Importer(815301076,1909f56bfc062723c751e8b465ee728b)
Start importing Assets/minimalist saharah.png using Guid(07885dab55d8dc74887b95ca821ee759) Importer(815301076,1909f56bfc062723c751e8b465ee728b)  -> (artifact id: 'e82e7ca5afdf6d673b710bc87a2ca3da') in 0.052987 seconds
  Import took 0.059193 seconds .

========================================================================
Received Import Request.
  Time since last request: 0.000393 seconds.
  path: Assets/exit-button-icon-65.png
  artifactKey: Guid(63d9bc06e51d2be43902f19e63d4c9ab) Importer(815301076,1909f56bfc062723c751e8b465ee728b)
Start importing Assets/exit-button-icon-65.png using Guid(63d9bc06e51d2be43902f19e63d4c9ab) Importer(815301076,1909f56bfc062723c751e8b465ee728b)  -> (artifact id: '511f8aef081a2c0fffdcd42c9293ada0') in 0.028876 seconds
  Import took 0.034584 seconds .

========================================================================
Received Import Request.
  Time since last request: 0.000498 seconds.
  path: Assets/pauseButton.png
  artifactKey: Guid(2c732bcf09720b44f909101c703cc4b8) Importer(815301076,1909f56bfc062723c751e8b465ee728b)
Start importing Assets/pauseButton.png using Guid(2c732bcf09720b44f909101c703cc4b8) Importer(815301076,1909f56bfc062723c751e8b465ee728b)  -> (artifact id: '628f0e85fbbbbfdea7d66b044f53c52c') in 0.019671 seconds
  Import took 0.025473 seconds .

========================================================================
Received Prepare
Registering precompiled user dll's ...
Registered in 0.000703 seconds.
Begin MonoManager ReloadAssembly
Native extension for WindowsStandalone target not found
Native extension for WebGL target not found
Refreshing native plugins compatible for Editor in 0.22 ms, found 0 plugins.
Preloading 0 native plugins for Editor in 0.00 ms.
Mono: successfully reloaded assembly
- Completed reload, in  0.813 seconds
Platform modules already initialized, skipping
Refreshing native plugins compatible for Editor in 0.27 ms, found 0 plugins.
Preloading 0 native plugins for Editor in 0.00 ms.
Unloading 1161 Unused Serialized files (Serialized files now loaded: 0)
System memory in use before: 71.6 MB.
System memory in use after: 71.7 MB.

Unloading 5 unused Assets to reduce memory usage. Loaded Objects now: 2111.
Total: 3.212900 ms (FindLiveObjects: 0.303800 ms CreateObjectMapping: 0.137400 ms MarkObjects: 2.691000 ms  DeleteObjects: 0.078900 ms)

AssetImportWorkerClient::OnTransportError - code=2 error=End of file
